<?xml version="1.0" encoding="UTF-8"?>
<!-- Generated by org.testng.reporters.JUnitReportReporter -->
<testsuite hostname="LTIN590021" failures="0" tests="1" name="com.test.smoke.HomeTest" time="8.448" errors="0" timestamp="2025-06-22T21:48:29 IST" skipped="0">
  <testcase classname="com.test.smoke.HomeTest" name="dropDownVisibleTest" time="8.448"/>
</testsuite> <!-- com.test.smoke.HomeTest -->
